<?xml version="1.0" encoding="UTF-8"?>
<testsuite xmlns:xsi="http://www.w3.org/2001/XMLSchema-instance" xsi:noNamespaceSchemaLocation="https://maven.apache.org/surefire/maven-surefire-plugin/xsd/surefire-test-report.xsd" name="com.pluralsight.bookstore.repository.BookRepositoryTest" time="5.579" tests="14" errors="0" skipped="0" failures="0">
  <properties>
[...]
</properties>
  <testcase name="shouldBeDeployed" classname="com.pluralsight.bookstore.repository.BookRepositoryTest" time="0.232"/>
  <testcase name="shouldGetNoBook" classname="com.pluralsight.bookstore.repository.BookRepositoryTest" time="0.041"/>
  <testcase name="shouldCreateABook" classname="com.pluralsight.bookstore.repository.BookRepositoryTest" time="0.162"/>
  <testcase name="shouldFindTheCreatedBook" classname="com.pluralsight.bookstore.repository.BookRepositoryTest" time="0.037"/>
  <testcase name="shouldGetOneBook" classname="com.pluralsight.bookstore.repository.BookRepositoryTest" time="0.032"/>
  <testcase name="shouldDeleteTheCreatedBook" classname="com.pluralsight.bookstore.repository.BookRepositoryTest" time="0.053"/>
  <testcase name="shouldGetNoMoreBook" classname="com.pluralsight.bookstore.repository.BookRepositoryTest" time="0.141"/>
  <testcase name="shouldFailCreatingANullBook" classname="com.pluralsight.bookstore.repository.BookRepositoryTest" time="0.219"/>
  <testcase name="shouldFailCreatingABookWithNullTitle" classname="com.pluralsight.bookstore.repository.BookRepositoryTest" time="0.047"/>
  <testcase name="shouldNotFailCreatingABookWithNullISBN" classname="com.pluralsight.bookstore.repository.BookRepositoryTest" time="0.03"/>
  <testcase name="shouldFailInvokingFindByIdWithNull" classname="com.pluralsight.bookstore.repository.BookRepositoryTest" time="0.044"/>
  <testcase name="shouldNotFindUnknownId" classname="com.pluralsight.bookstore.repository.BookRepositoryTest" time="0.022"/>
  <testcase name="shouldFailInvokingDeleteByIdWithNull" classname="com.pluralsight.bookstore.repository.BookRepositoryTest" time="0.053"/>
  <testcase name="shouldNotDeleteUnknownId" classname="com.pluralsight.bookstore.repository.BookRepositoryTest" time="0.039"/>
</testsuite>